level=INFO ts=2019-11-05T07:32:15.963676121Z app=device-protocol source=init.go:137 msg="Check Metadata service's status ..."
level=INFO ts=2019-11-05T07:32:15.964617637Z app=device-protocol source=init.go:137 msg="Check Data service's status ..."
level=INFO ts=2019-11-05T07:32:15.976453713Z app=device-protocol source=init.go:47 msg="Service clients initialize successful."
level=INFO ts=2019-11-05T07:32:15.995738392Z app=device-protocol source=service.go:142 msg="Device Service  doesn't exist, creating a new one"
level=INFO ts=2019-11-05T07:32:16.00674437Z app=device-protocol source=service.go:198 msg="Addressable device-protocol doesn't exist, creating a new one"
level=INFO ts=2019-11-05T07:32:16.080686868Z app=device-protocol source=service.go:120 msg="*Service Start() called, name=device-protocol, version=to be replaced by makefile"
level=INFO ts=2019-11-05T07:32:16.082647922Z app=device-protocol source=service.go:126 msg="Listening on port: 49991"
level=INFO ts=2019-11-05T07:32:16.084320466Z app=device-protocol source=service.go:127 msg="Service started in: 124.393104ms"
level=INFO ts=2019-11-05T07:32:26.092029659Z app=device-protocol source=utils.go:77 Content-Type=application/json correlation-id=065253f4-03e1-4641-9151-844b3fb10982 msg="SendEvent: Pushed event to core data"
level=INFO ts=2019-11-05T07:32:36.097806722Z app=device-protocol source=utils.go:77 Content-Type=application/json correlation-id=f0121253-2dc1-49e5-81ce-24d8ee886df0 msg="SendEvent: Pushed event to core data"
level=INFO ts=2019-11-05T07:32:46.090464556Z app=device-protocol source=utils.go:77 Content-Type=application/json correlation-id=d0f9c4cb-a675-4b44-9a2c-2eeb389faa8a msg="SendEvent: Pushed event to core data"
level=INFO ts=2019-11-05T07:32:56.100241336Z app=device-protocol source=utils.go:77 Content-Type=application/json correlation-id=273d9611-25cb-4d02-8869-6b13154331ce msg="SendEvent: Pushed event to core data"
level=INFO ts=2019-11-05T07:33:06.100186769Z app=device-protocol source=utils.go:77 Content-Type=application/json correlation-id=809e052e-c99e-446c-9e6f-76ee478313e2 msg="SendEvent: Pushed event to core data"
level=INFO ts=2019-11-05T07:33:16.099664109Z app=device-protocol source=utils.go:77 Content-Type=application/json correlation-id=8028fc84-c0df-4837-b81a-52990f11ad2b msg="SendEvent: Pushed event to core data"
level=INFO ts=2019-11-05T07:33:26.106555135Z app=device-protocol source=utils.go:77 Content-Type=application/json correlation-id=6a5eacce-0f4b-409f-bc5f-4222a370bd98 msg="SendEvent: Pushed event to core data"
level=INFO ts=2019-11-05T07:33:36.105409052Z app=device-protocol source=utils.go:77 Content-Type=application/json correlation-id=aee2b40b-3928-4614-8989-8eb94ceb71cc msg="SendEvent: Pushed event to core data"
level=INFO ts=2019-11-05T07:33:46.108373222Z app=device-protocol source=utils.go:77 Content-Type=application/json correlation-id=2e6e8aaa-15c2-449a-8cbc-66238f550781 msg="SendEvent: Pushed event to core data"
level=INFO ts=2019-11-05T07:33:56.104362805Z app=device-protocol source=utils.go:77 Content-Type=application/json correlation-id=48c7058a-1790-4510-ba4c-8f26d9902c24 msg="SendEvent: Pushed event to core data"
level=INFO ts=2019-11-05T07:34:02.078511559Z app=device-protocol source=utils.go:77 Content-Type=application/json correlation-id=adbd5714-f3cd-4fe4-9de9-2196c584b9eb msg="SendEvent: Pushed event to core data"
level=INFO ts=2019-11-05T07:34:04.21466038Z app=device-protocol source=utils.go:77 Content-Type=application/json correlation-id=118e5a14-ee69-42b7-baf4-dde0606d192d msg="SendEvent: Pushed event to core data"
level=INFO ts=2019-11-05T07:34:04.840465385Z app=device-protocol source=utils.go:77 Content-Type=application/json correlation-id=1ec75c91-84ff-4675-ac78-365064f9b2f2 msg="SendEvent: Pushed event to core data"
level=INFO ts=2019-11-05T07:34:05.040044511Z app=device-protocol source=utils.go:77 Content-Type=application/json correlation-id=5ccb3389-32bd-4cd1-be1e-1a43056167de msg="SendEvent: Pushed event to core data"
level=INFO ts=2019-11-05T07:34:05.237562207Z app=device-protocol source=utils.go:77 Content-Type=application/json correlation-id=a1f9d2c5-182f-43c6-a111-d8f11e729625 msg="SendEvent: Pushed event to core data"
level=INFO ts=2019-11-05T07:34:05.418894465Z app=device-protocol source=utils.go:77 Content-Type=application/json correlation-id=9624538d-26f4-491d-8cfc-cb36af09942e msg="SendEvent: Pushed event to core data"
level=INFO ts=2019-11-05T07:34:05.597690945Z app=device-protocol source=utils.go:77 Content-Type=application/json correlation-id=249cae19-b0b4-442f-b9af-1f45d9ad50da msg="SendEvent: Pushed event to core data"
level=INFO ts=2019-11-05T07:34:05.798499337Z app=device-protocol source=utils.go:77 Content-Type=application/json correlation-id=d06484de-3e7e-42a4-8ff4-2170b98f49cc msg="SendEvent: Pushed event to core data"
level=INFO ts=2019-11-05T07:34:05.964606465Z app=device-protocol source=utils.go:77 Content-Type=application/json correlation-id=04b01e37-62da-4d7b-b2b0-196072dd028c msg="SendEvent: Pushed event to core data"
level=INFO ts=2019-11-05T07:34:06.099149766Z app=device-protocol source=utils.go:77 Content-Type=application/json correlation-id=896fba07-8fb8-465b-8ace-802815acc928 msg="SendEvent: Pushed event to core data"
level=INFO ts=2019-11-05T07:34:06.141354608Z app=device-protocol source=utils.go:77 Content-Type=application/json correlation-id=aac9b705-d369-4121-bbe4-8c9f883b1386 msg="SendEvent: Pushed event to core data"
level=INFO ts=2019-11-05T07:34:06.325105863Z app=device-protocol source=utils.go:77 Content-Type=application/json correlation-id=d0efb2f1-8b31-4199-8868-c8ae02be9bc5 msg="SendEvent: Pushed event to core data"
level=INFO ts=2019-11-05T07:34:06.525353484Z app=device-protocol source=utils.go:77 Content-Type=application/json correlation-id=1dd9d142-4858-482d-89fa-19344e074083 msg="SendEvent: Pushed event to core data"
level=INFO ts=2019-11-05T07:34:06.697603401Z app=device-protocol source=utils.go:77 Content-Type=application/json correlation-id=0bc923d9-7399-4d36-9d5d-97bbfec2d9c2 msg="SendEvent: Pushed event to core data"
level=INFO ts=2019-11-05T07:34:06.904879411Z app=device-protocol source=utils.go:77 Content-Type=application/json correlation-id=2ffeef2a-d7ec-437f-9d39-88bbf6ed5852 msg="SendEvent: Pushed event to core data"
level=INFO ts=2019-11-05T07:34:16.110315763Z app=device-protocol source=utils.go:77 Content-Type=application/json correlation-id=8aa94096-68a1-4aa8-852e-9767696332f5 msg="SendEvent: Pushed event to core data"
level=INFO ts=2019-11-05T07:34:26.113634657Z app=device-protocol source=utils.go:77 Content-Type=application/json correlation-id=28a1ab77-bf2c-4a25-80e3-f34cc8009954 msg="SendEvent: Pushed event to core data"
level=INFO ts=2019-11-05T07:34:31.92545325Z app=device-protocol source=utils.go:77 Content-Type=application/json correlation-id=43a9b3d8-3f1e-4d8c-afe6-45564d2a0f3f msg="SendEvent: Pushed event to core data"
level=INFO ts=2019-11-05T07:34:36.109928433Z app=device-protocol source=utils.go:77 Content-Type=application/json correlation-id=18eacac1-d0a5-41bc-b1f2-1a64433f10c9 msg="SendEvent: Pushed event to core data"
level=INFO ts=2019-11-05T07:34:46.110783822Z app=device-protocol source=utils.go:77 Content-Type=application/json correlation-id=edbed5d0-6c01-4cd9-a929-b8fee915c39f msg="SendEvent: Pushed event to core data"
level=INFO ts=2019-11-05T07:34:56.115032539Z app=device-protocol source=utils.go:77 Content-Type=application/json correlation-id=d0b20a74-0b1d-41e2-b15c-401f4ce95c20 msg="SendEvent: Pushed event to core data"
level=INFO ts=2019-11-05T07:35:06.117060089Z app=device-protocol source=utils.go:77 Content-Type=application/json correlation-id=e553be3b-c28c-4c16-a4c4-a14603b90446 msg="SendEvent: Pushed event to core data"
level=INFO ts=2019-11-05T07:35:16.120778033Z app=device-protocol source=utils.go:77 Content-Type=application/json correlation-id=4ebc3a31-7365-4e42-8df1-7347dd46791a msg="SendEvent: Pushed event to core data"
level=INFO ts=2019-11-05T07:35:26.117122735Z app=device-protocol source=utils.go:77 Content-Type=application/json correlation-id=3d976ee9-0e74-4699-8ddd-a32ef3957247 msg="SendEvent: Pushed event to core data"
level=INFO ts=2019-11-05T07:35:36.120181087Z app=device-protocol source=utils.go:77 Content-Type=application/json correlation-id=cb13b48e-5342-4a2e-99b5-aa1f06842596 msg="SendEvent: Pushed event to core data"
level=INFO ts=2019-11-05T07:35:46.122979253Z app=device-protocol source=utils.go:77 Content-Type=application/json correlation-id=e2d890f6-8e86-4c7d-beb1-a755cbc62267 msg="SendEvent: Pushed event to core data"
level=INFO ts=2019-11-05T07:35:56.122089468Z app=device-protocol source=utils.go:77 Content-Type=application/json correlation-id=be7f09ec-aa55-4ab6-a535-324299fdccee msg="SendEvent: Pushed event to core data"
level=INFO ts=2019-11-05T07:36:05.513192484Z app=device-protocol source=utils.go:77 Content-Type=application/json correlation-id=4df65677-3fa2-42ce-816d-675b6337c1bd msg="SendEvent: Pushed event to core data"
level=INFO ts=2019-11-05T07:36:06.123961629Z app=device-protocol source=utils.go:77 Content-Type=application/json correlation-id=6b213129-f84c-4b7d-a0cf-6dc49bb78d0e msg="SendEvent: Pushed event to core data"
level=INFO ts=2019-11-05T07:36:16.125793149Z app=device-protocol source=utils.go:77 Content-Type=application/json correlation-id=ea72589e-46b2-4ef7-871e-27106272dac1 msg="SendEvent: Pushed event to core data"
level=INFO ts=2019-11-05T07:36:26.131422081Z app=device-protocol source=utils.go:77 Content-Type=application/json correlation-id=57dcce67-1679-4ee8-ab38-321fb0535c3c msg="SendEvent: Pushed event to core data"
level=INFO ts=2019-11-05T07:36:36.135591772Z app=device-protocol source=utils.go:77 Content-Type=application/json correlation-id=55dde25c-9ac7-4785-8c44-df8aa88fa459 msg="SendEvent: Pushed event to core data"
level=INFO ts=2019-11-05T07:36:46.129284548Z app=device-protocol source=utils.go:77 Content-Type=application/json correlation-id=5d96d5d9-a36c-4369-ad52-08f36ab964b1 msg="SendEvent: Pushed event to core data"
level=INFO ts=2019-11-05T07:38:44.090034199Z app=device-protocol source=init.go:137 msg="Check Metadata service's status ..."
level=INFO ts=2019-11-05T07:38:44.091159141Z app=device-protocol source=init.go:137 msg="Check Data service's status ..."
level=INFO ts=2019-11-05T07:38:44.099926224Z app=device-protocol source=init.go:47 msg="Service clients initialize successful."
level=DEBUG ts=2019-11-05T07:38:44.102919709Z app=device-protocol source=service.go:135 msg="Trying to find Device Service: device-protocol"
level=INFO ts=2019-11-05T07:38:44.113542311Z app=device-protocol source=service.go:149 msg="Device Service device-protocol exists"
level=DEBUG ts=2019-11-05T07:38:44.116269682Z app=device-protocol source=service.go:152 msg="Device Service in Core MetaData: device-protocol"
level=DEBUG ts=2019-11-05T07:38:44.129580911Z app=device-protocol source=profiles.go:39 msg="created absolute path for loading pre-defined Device Profiles: /home/wang/go/src/github.com/edgexfoundry/device-protocol/cmd/device-protocol/res"
level=DEBUG ts=2019-11-05T07:38:44.139677646Z app=device-protocol source=devices.go:22 msg="Loading pre-define Devices from configuration"
level=DEBUG ts=2019-11-05T07:38:44.141261839Z app=device-protocol source=devices.go:25 msg="Device Protocol-Device01 exists, using the existing one"
level=DEBUG ts=2019-11-05T07:38:44.14426235Z app=device-protocol source=restrouter.go:21 msg="init status rest controller"
level=DEBUG ts=2019-11-05T07:38:44.145669146Z app=device-protocol source=restrouter.go:24 msg="init command rest controller"
level=DEBUG ts=2019-11-05T07:38:44.147348663Z app=device-protocol source=restrouter.go:30 msg="init callback rest controller"
level=DEBUG ts=2019-11-05T07:38:44.148590431Z app=device-protocol source=restrouter.go:33 msg="init other rest controller"
level=DEBUG ts=2019-11-05T07:38:44.149870268Z app=device-protocol source=restrouter.go:37 msg="init the metrics and config rest controller each"
level=INFO ts=2019-11-05T07:38:44.152774383Z app=device-protocol source=service.go:120 msg="*Service Start() called, name=device-protocol, version=to be replaced by makefile"
level=INFO ts=2019-11-05T07:38:44.153964525Z app=device-protocol source=service.go:126 msg="Listening on port: 49991"
level=INFO ts=2019-11-05T07:38:44.156056683Z app=device-protocol source=service.go:127 msg="Service started in: 70.841684ms"
level=DEBUG ts=2019-11-05T07:38:44.157594307Z app=device-protocol source=service.go:129 msg="*Service Start() exit"
level=TRACE ts=2019-11-05T07:38:51.029219262Z app=device-protocol source=middleware.go:46 correlation-id=6793e7e8-69f3-4a18-9016-590843001508 path=/api/v1/device/2dec0bed-ac3f-4c5a-8f3e-e1e1f3ccc5e9/PlcInt msg="Begin request"
level=DEBUG ts=2019-11-05T07:38:51.030590569Z app=device-protocol source=command.go:245 msg="Handler - execWriteDeviceResource: putting deviceResource: PlcInt"
level=DEBUG ts=2019-11-05T07:38:51.03170677Z app=device-protocol source=protocoldriver.go:73 msg="ProtocolDriver.HandleWriteCommands: protocols: map[other:map[Address:Protocol01 Port:300]], resource: PlcInt, parameters: [Origin: 1572939531030, Int32: 1000]"
level=TRACE ts=2019-11-05T07:38:51.032686751Z app=device-protocol source=middleware.go:37 correlation-id=6793e7e8-69f3-4a18-9016-590843001508 duration=3.467921ms msg="Response complete"
level=DEBUG ts=2019-11-05T07:38:54.153419896Z app=device-protocol source=executor.go:42 msg="AutoEvent - executing {\"frequency\":\"10s\",\"resource\":\"PlcInt\"}"
level=DEBUG ts=2019-11-05T07:38:54.158136104Z app=device-protocol source=command.go:89 msg="Handler - execReadCmd: deviceResource: PlcInt"
level=DEBUG ts=2019-11-05T07:38:54.161343803Z app=device-protocol source=protocoldriver.go:43 msg="ProtocolDriver.HandleReadCommands: protocols: map[other:map[Address:Protocol01 Port:300]] resource: PlcInt attributes: map[addr:N7:101]"
level=DEBUG ts=2019-11-05T07:38:54.164896279Z app=device-protocol source=protocoldriver.go:49 msg="SimpleDriver.HandleReadCommands: N7:101"
level=DEBUG ts=2019-11-05T07:38:54.168300661Z app=device-protocol source=command.go:159 msg="Handler - execReadCmd: device: Protocol-Device01 DeviceResource: PlcInt reading: {\"origin\":1572939534164,\"device\":\"Protocol-Device01\",\"name\":\"PlcInt\",\"value\":\"0\"}"
level=DEBUG ts=2019-11-05T07:38:54.171486535Z app=device-protocol source=executor.go:58 msg="AutoEvent - pushing event {\"device\":\"Protocol-Device01\",\"origin\":1572939534171,\"readings\":[{\"origin\":1572939534164,\"device\":\"Protocol-Device01\",\"name\":\"PlcInt\",\"value\":\"0\"}]}"
level=DEBUG ts=2019-11-05T07:38:54.174226317Z app=device-protocol source=utils.go:67 correlation-id=613f285e-da48-4e2c-adeb-62626948d934 msg="SendEvent: EventClient.MarshalEvent encoded event"
level=INFO ts=2019-11-05T07:38:54.191332795Z app=device-protocol source=utils.go:77 Content-Type=application/json correlation-id=613f285e-da48-4e2c-adeb-62626948d934 msg="SendEvent: Pushed event to core data"
level=TRACE ts=2019-11-05T07:38:54.194938687Z app=device-protocol source=utils.go:78 Content-Type=application/json correlation-id=613f285e-da48-4e2c-adeb-62626948d934 event="{\"device\":\"Protocol-Device01\",\"origin\":1572939534171,\"readings\":[{\"origin\":1572939534164,\"device\":\"Protocol-Device01\",\"name\":\"PlcInt\",\"value\":\"0\"}]}" msg="SendEvent: Pushed this event to core data"
level=TRACE ts=2019-11-05T07:39:03.150824888Z app=device-protocol source=middleware.go:46 correlation-id=5a39a9f9-3d86-4f54-8259-82aa465d1fa6 path=/api/v1/device/2dec0bed-ac3f-4c5a-8f3e-e1e1f3ccc5e9/PlcInt msg="Begin request"
level=DEBUG ts=2019-11-05T07:39:03.152593916Z app=device-protocol source=command.go:89 msg="Handler - execReadCmd: deviceResource: PlcInt"
level=DEBUG ts=2019-11-05T07:39:03.154061392Z app=device-protocol source=protocoldriver.go:43 msg="ProtocolDriver.HandleReadCommands: protocols: map[other:map[Address:Protocol01 Port:300]] resource: PlcInt attributes: map[addr:N7:101]"
level=DEBUG ts=2019-11-05T07:39:03.155588251Z app=device-protocol source=protocoldriver.go:49 msg="SimpleDriver.HandleReadCommands: N7:101"
level=DEBUG ts=2019-11-05T07:39:03.158838823Z app=device-protocol source=command.go:159 msg="Handler - execReadCmd: device: Protocol-Device01 DeviceResource: PlcInt reading: {\"origin\":1572939543155,\"device\":\"Protocol-Device01\",\"name\":\"PlcInt\",\"value\":\"0\"}"
level=DEBUG ts=2019-11-05T07:39:03.163948576Z app=device-protocol source=utils.go:67 correlation-id=43e25bf8-28b9-4126-b715-4d61c2b14ceb msg="SendEvent: EventClient.MarshalEvent encoded event"
level=TRACE ts=2019-11-05T07:39:03.164198474Z app=device-protocol source=middleware.go:37 correlation-id=5a39a9f9-3d86-4f54-8259-82aa465d1fa6 duration=13.365218ms msg="Response complete"
level=INFO ts=2019-11-05T07:39:03.181267518Z app=device-protocol source=utils.go:77 Content-Type=application/json correlation-id=43e25bf8-28b9-4126-b715-4d61c2b14ceb msg="SendEvent: Pushed event to core data"
level=TRACE ts=2019-11-05T07:39:03.184184614Z app=device-protocol source=utils.go:78 Content-Type=application/json correlation-id=43e25bf8-28b9-4126-b715-4d61c2b14ceb event="{\"device\":\"Protocol-Device01\",\"origin\":1572939543163,\"readings\":[{\"origin\":1572939543155,\"device\":\"Protocol-Device01\",\"name\":\"PlcInt\",\"value\":\"0\"}]}" msg="SendEvent: Pushed this event to core data"
level=DEBUG ts=2019-11-05T07:39:04.175917878Z app=device-protocol source=executor.go:42 msg="AutoEvent - executing {\"frequency\":\"10s\",\"resource\":\"PlcInt\"}"
level=DEBUG ts=2019-11-05T07:39:04.17967394Z app=device-protocol source=command.go:89 msg="Handler - execReadCmd: deviceResource: PlcInt"
level=DEBUG ts=2019-11-05T07:39:04.182596151Z app=device-protocol source=protocoldriver.go:43 msg="ProtocolDriver.HandleReadCommands: protocols: map[other:map[Address:Protocol01 Port:300]] resource: PlcInt attributes: map[addr:N7:101]"
level=DEBUG ts=2019-11-05T07:39:04.184637404Z app=device-protocol source=protocoldriver.go:49 msg="SimpleDriver.HandleReadCommands: N7:101"
level=DEBUG ts=2019-11-05T07:39:04.187408171Z app=device-protocol source=command.go:159 msg="Handler - execReadCmd: device: Protocol-Device01 DeviceResource: PlcInt reading: {\"origin\":1572939544184,\"device\":\"Protocol-Device01\",\"name\":\"PlcInt\",\"value\":\"0\"}"
level=DEBUG ts=2019-11-05T07:39:04.190056965Z app=device-protocol source=executor.go:58 msg="AutoEvent - pushing event {\"device\":\"Protocol-Device01\",\"origin\":1572939544189,\"readings\":[{\"origin\":1572939544184,\"device\":\"Protocol-Device01\",\"name\":\"PlcInt\",\"value\":\"0\"}]}"
level=DEBUG ts=2019-11-05T07:39:04.194531478Z app=device-protocol source=utils.go:67 correlation-id=591645e6-acf0-4808-8c83-45b515d34c37 msg="SendEvent: EventClient.MarshalEvent encoded event"
level=INFO ts=2019-11-05T07:39:04.216817852Z app=device-protocol source=utils.go:77 Content-Type=application/json correlation-id=591645e6-acf0-4808-8c83-45b515d34c37 msg="SendEvent: Pushed event to core data"
level=TRACE ts=2019-11-05T07:39:04.21934876Z app=device-protocol source=utils.go:78 Content-Type=application/json correlation-id=591645e6-acf0-4808-8c83-45b515d34c37 event="{\"device\":\"Protocol-Device01\",\"origin\":1572939544189,\"readings\":[{\"origin\":1572939544184,\"device\":\"Protocol-Device01\",\"name\":\"PlcInt\",\"value\":\"0\"}]}" msg="SendEvent: Pushed this event to core data"
level=TRACE ts=2019-11-05T07:39:10.822013954Z app=device-protocol source=middleware.go:46 correlation-id=b65a7ffd-0584-4a96-b0f3-c1705b309eb0 path=/api/v1/device/2dec0bed-ac3f-4c5a-8f3e-e1e1f3ccc5e9/PlcInt msg="Begin request"
level=DEBUG ts=2019-11-05T07:39:10.823261574Z app=device-protocol source=command.go:245 msg="Handler - execWriteDeviceResource: putting deviceResource: PlcInt"
level=DEBUG ts=2019-11-05T07:39:10.824590137Z app=device-protocol source=protocoldriver.go:73 msg="ProtocolDriver.HandleWriteCommands: protocols: map[other:map[Address:Protocol01 Port:300]], resource: PlcInt, parameters: [Origin: 1572939550823, Int32: 1000]"
level=TRACE ts=2019-11-05T07:39:10.825597718Z app=device-protocol source=middleware.go:37 correlation-id=b65a7ffd-0584-4a96-b0f3-c1705b309eb0 duration=3.583601ms msg="Response complete"
level=DEBUG ts=2019-11-05T07:39:14.195250981Z app=device-protocol source=executor.go:42 msg="AutoEvent - executing {\"frequency\":\"10s\",\"resource\":\"PlcInt\"}"
level=DEBUG ts=2019-11-05T07:39:14.198979201Z app=device-protocol source=command.go:89 msg="Handler - execReadCmd: deviceResource: PlcInt"
level=DEBUG ts=2019-11-05T07:39:14.202576556Z app=device-protocol source=protocoldriver.go:43 msg="ProtocolDriver.HandleReadCommands: protocols: map[other:map[Address:Protocol01 Port:300]] resource: PlcInt attributes: map[addr:N7:101]"
level=DEBUG ts=2019-11-05T07:39:14.207026549Z app=device-protocol source=protocoldriver.go:49 msg="SimpleDriver.HandleReadCommands: N7:101"
level=DEBUG ts=2019-11-05T07:39:14.210106877Z app=device-protocol source=command.go:159 msg="Handler - execReadCmd: device: Protocol-Device01 DeviceResource: PlcInt reading: {\"origin\":1572939554207,\"device\":\"Protocol-Device01\",\"name\":\"PlcInt\",\"value\":\"0\"}"
level=DEBUG ts=2019-11-05T07:39:14.214094894Z app=device-protocol source=executor.go:58 msg="AutoEvent - pushing event {\"device\":\"Protocol-Device01\",\"origin\":1572939554213,\"readings\":[{\"origin\":1572939554207,\"device\":\"Protocol-Device01\",\"name\":\"PlcInt\",\"value\":\"0\"}]}"
level=DEBUG ts=2019-11-05T07:39:14.219197242Z app=device-protocol source=utils.go:67 correlation-id=a0295acd-eaa2-4872-b523-72532dc0f237 msg="SendEvent: EventClient.MarshalEvent encoded event"
level=INFO ts=2019-11-05T07:39:14.239362693Z app=device-protocol source=utils.go:77 Content-Type=application/json correlation-id=a0295acd-eaa2-4872-b523-72532dc0f237 msg="SendEvent: Pushed event to core data"
level=TRACE ts=2019-11-05T07:39:14.242492805Z app=device-protocol source=utils.go:78 Content-Type=application/json correlation-id=a0295acd-eaa2-4872-b523-72532dc0f237 event="{\"device\":\"Protocol-Device01\",\"origin\":1572939554213,\"readings\":[{\"origin\":1572939554207,\"device\":\"Protocol-Device01\",\"name\":\"PlcInt\",\"value\":\"0\"}]}" msg="SendEvent: Pushed this event to core data"
level=DEBUG ts=2019-11-05T07:39:24.219593536Z app=device-protocol source=executor.go:42 msg="AutoEvent - executing {\"frequency\":\"10s\",\"resource\":\"PlcInt\"}"
level=DEBUG ts=2019-11-05T07:39:24.223680821Z app=device-protocol source=command.go:89 msg="Handler - execReadCmd: deviceResource: PlcInt"
level=DEBUG ts=2019-11-05T07:39:24.227141111Z app=device-protocol source=protocoldriver.go:43 msg="ProtocolDriver.HandleReadCommands: protocols: map[other:map[Port:300 Address:Protocol01]] resource: PlcInt attributes: map[addr:N7:101]"
level=DEBUG ts=2019-11-05T07:39:24.230694541Z app=device-protocol source=protocoldriver.go:49 msg="SimpleDriver.HandleReadCommands: N7:101"
level=DEBUG ts=2019-11-05T07:39:24.233356461Z app=device-protocol source=command.go:159 msg="Handler - execReadCmd: device: Protocol-Device01 DeviceResource: PlcInt reading: {\"origin\":1572939564230,\"device\":\"Protocol-Device01\",\"name\":\"PlcInt\",\"value\":\"0\"}"
level=DEBUG ts=2019-11-05T07:39:24.236129596Z app=device-protocol source=executor.go:58 msg="AutoEvent - pushing event {\"device\":\"Protocol-Device01\",\"origin\":1572939564236,\"readings\":[{\"origin\":1572939564230,\"device\":\"Protocol-Device01\",\"name\":\"PlcInt\",\"value\":\"0\"}]}"
level=DEBUG ts=2019-11-05T07:39:24.238868141Z app=device-protocol source=utils.go:67 correlation-id=09716013-936b-4ef1-b145-39284bc634d6 msg="SendEvent: EventClient.MarshalEvent encoded event"
level=INFO ts=2019-11-05T07:39:24.255060393Z app=device-protocol source=utils.go:77 Content-Type=application/json correlation-id=09716013-936b-4ef1-b145-39284bc634d6 msg="SendEvent: Pushed event to core data"
level=TRACE ts=2019-11-05T07:39:24.258642813Z app=device-protocol source=utils.go:78 Content-Type=application/json correlation-id=09716013-936b-4ef1-b145-39284bc634d6 event="{\"device\":\"Protocol-Device01\",\"origin\":1572939564236,\"readings\":[{\"origin\":1572939564230,\"device\":\"Protocol-Device01\",\"name\":\"PlcInt\",\"value\":\"0\"}]}" msg="SendEvent: Pushed this event to core data"
level=DEBUG ts=2019-11-05T07:39:34.238999861Z app=device-protocol source=executor.go:42 msg="AutoEvent - executing {\"frequency\":\"10s\",\"resource\":\"PlcInt\"}"
level=DEBUG ts=2019-11-05T07:39:34.242473227Z app=device-protocol source=command.go:89 msg="Handler - execReadCmd: deviceResource: PlcInt"
level=DEBUG ts=2019-11-05T07:39:34.246381522Z app=device-protocol source=protocoldriver.go:43 msg="ProtocolDriver.HandleReadCommands: protocols: map[other:map[Port:300 Address:Protocol01]] resource: PlcInt attributes: map[addr:N7:101]"
level=DEBUG ts=2019-11-05T07:39:34.249679485Z app=device-protocol source=protocoldriver.go:49 msg="SimpleDriver.HandleReadCommands: N7:101"
level=DEBUG ts=2019-11-05T07:39:34.252414467Z app=device-protocol source=command.go:159 msg="Handler - execReadCmd: device: Protocol-Device01 DeviceResource: PlcInt reading: {\"origin\":1572939574249,\"device\":\"Protocol-Device01\",\"name\":\"PlcInt\",\"value\":\"0\"}"
level=DEBUG ts=2019-11-05T07:39:34.255044243Z app=device-protocol source=executor.go:58 msg="AutoEvent - pushing event {\"device\":\"Protocol-Device01\",\"origin\":1572939574254,\"readings\":[{\"origin\":1572939574249,\"device\":\"Protocol-Device01\",\"name\":\"PlcInt\",\"value\":\"0\"}]}"
level=DEBUG ts=2019-11-05T07:39:34.25900732Z app=device-protocol source=utils.go:67 correlation-id=2168722d-fc00-4c3c-baf4-c1ab38abd5d1 msg="SendEvent: EventClient.MarshalEvent encoded event"
level=INFO ts=2019-11-05T07:39:34.274295527Z app=device-protocol source=utils.go:77 Content-Type=application/json correlation-id=2168722d-fc00-4c3c-baf4-c1ab38abd5d1 msg="SendEvent: Pushed event to core data"
level=TRACE ts=2019-11-05T07:39:34.278545246Z app=device-protocol source=utils.go:78 Content-Type=application/json correlation-id=2168722d-fc00-4c3c-baf4-c1ab38abd5d1 event="{\"device\":\"Protocol-Device01\",\"origin\":1572939574254,\"readings\":[{\"origin\":1572939574249,\"device\":\"Protocol-Device01\",\"name\":\"PlcInt\",\"value\":\"0\"}]}" msg="SendEvent: Pushed this event to core data"
level=DEBUG ts=2019-11-05T07:39:44.259436125Z app=device-protocol source=executor.go:42 msg="AutoEvent - executing {\"frequency\":\"10s\",\"resource\":\"PlcInt\"}"
level=DEBUG ts=2019-11-05T07:39:44.264141039Z app=device-protocol source=command.go:89 msg="Handler - execReadCmd: deviceResource: PlcInt"
level=DEBUG ts=2019-11-05T07:39:44.267028125Z app=device-protocol source=protocoldriver.go:43 msg="ProtocolDriver.HandleReadCommands: protocols: map[other:map[Address:Protocol01 Port:300]] resource: PlcInt attributes: map[addr:N7:101]"
level=DEBUG ts=2019-11-05T07:39:44.271352992Z app=device-protocol source=protocoldriver.go:49 msg="SimpleDriver.HandleReadCommands: N7:101"
level=DEBUG ts=2019-11-05T07:39:44.273894033Z app=device-protocol source=command.go:159 msg="Handler - execReadCmd: device: Protocol-Device01 DeviceResource: PlcInt reading: {\"origin\":1572939584271,\"device\":\"Protocol-Device01\",\"name\":\"PlcInt\",\"value\":\"0\"}"
level=DEBUG ts=2019-11-05T07:39:44.276384413Z app=device-protocol source=executor.go:58 msg="AutoEvent - pushing event {\"device\":\"Protocol-Device01\",\"origin\":1572939584276,\"readings\":[{\"origin\":1572939584271,\"device\":\"Protocol-Device01\",\"name\":\"PlcInt\",\"value\":\"0\"}]}"
level=DEBUG ts=2019-11-05T07:39:44.280631468Z app=device-protocol source=utils.go:67 correlation-id=a2a49e8f-95db-4ba1-a717-6a9fc851ee88 msg="SendEvent: EventClient.MarshalEvent encoded event"
level=INFO ts=2019-11-05T07:39:44.29949514Z app=device-protocol source=utils.go:77 Content-Type=application/json correlation-id=a2a49e8f-95db-4ba1-a717-6a9fc851ee88 msg="SendEvent: Pushed event to core data"
level=TRACE ts=2019-11-05T07:39:44.302587957Z app=device-protocol source=utils.go:78 Content-Type=application/json correlation-id=a2a49e8f-95db-4ba1-a717-6a9fc851ee88 event="{\"device\":\"Protocol-Device01\",\"origin\":1572939584276,\"readings\":[{\"origin\":1572939584271,\"device\":\"Protocol-Device01\",\"name\":\"PlcInt\",\"value\":\"0\"}]}" msg="SendEvent: Pushed this event to core data"
level=DEBUG ts=2019-11-05T07:39:54.281003137Z app=device-protocol source=executor.go:42 msg="AutoEvent - executing {\"frequency\":\"10s\",\"resource\":\"PlcInt\"}"
level=DEBUG ts=2019-11-05T07:39:54.28473389Z app=device-protocol source=command.go:89 msg="Handler - execReadCmd: deviceResource: PlcInt"
level=DEBUG ts=2019-11-05T07:39:54.287747891Z app=device-protocol source=protocoldriver.go:43 msg="ProtocolDriver.HandleReadCommands: protocols: map[other:map[Address:Protocol01 Port:300]] resource: PlcInt attributes: map[addr:N7:101]"
level=DEBUG ts=2019-11-05T07:39:54.290801554Z app=device-protocol source=protocoldriver.go:49 msg="SimpleDriver.HandleReadCommands: N7:101"
level=DEBUG ts=2019-11-05T07:39:54.293753438Z app=device-protocol source=command.go:159 msg="Handler - execReadCmd: device: Protocol-Device01 DeviceResource: PlcInt reading: {\"origin\":1572939594290,\"device\":\"Protocol-Device01\",\"name\":\"PlcInt\",\"value\":\"0\"}"
level=DEBUG ts=2019-11-05T07:39:54.29694123Z app=device-protocol source=executor.go:58 msg="AutoEvent - pushing event {\"device\":\"Protocol-Device01\",\"origin\":1572939594296,\"readings\":[{\"origin\":1572939594290,\"device\":\"Protocol-Device01\",\"name\":\"PlcInt\",\"value\":\"0\"}]}"
level=DEBUG ts=2019-11-05T07:39:54.300836099Z app=device-protocol source=utils.go:67 correlation-id=a32bf0e5-c3c4-4a95-9d02-0773da807d6c msg="SendEvent: EventClient.MarshalEvent encoded event"
level=INFO ts=2019-11-05T07:39:54.319099243Z app=device-protocol source=utils.go:77 Content-Type=application/json correlation-id=a32bf0e5-c3c4-4a95-9d02-0773da807d6c msg="SendEvent: Pushed event to core data"
level=TRACE ts=2019-11-05T07:39:54.321372002Z app=device-protocol source=utils.go:78 Content-Type=application/json correlation-id=a32bf0e5-c3c4-4a95-9d02-0773da807d6c event="{\"device\":\"Protocol-Device01\",\"origin\":1572939594296,\"readings\":[{\"origin\":1572939594290,\"device\":\"Protocol-Device01\",\"name\":\"PlcInt\",\"value\":\"0\"}]}" msg="SendEvent: Pushed this event to core data"
level=DEBUG ts=2019-11-05T07:40:01.477029181Z app=device-protocol source=protocoldriver.go:93 msg="ProtocolDriver.Stop called: force=false"
level=INFO ts=2019-11-05T07:42:20.847360414Z app=device-protocol source=init.go:137 msg="Check Metadata service's status ..."
level=INFO ts=2019-11-05T07:42:20.848392411Z app=device-protocol source=init.go:137 msg="Check Data service's status ..."
level=INFO ts=2019-11-05T07:42:20.855909786Z app=device-protocol source=init.go:47 msg="Service clients initialize successful."
level=DEBUG ts=2019-11-05T07:42:20.859339992Z app=device-protocol source=service.go:135 msg="Trying to find Device Service: device-protocol"
level=INFO ts=2019-11-05T07:42:20.869282997Z app=device-protocol source=service.go:149 msg="Device Service device-protocol exists"
level=DEBUG ts=2019-11-05T07:42:20.870759302Z app=device-protocol source=service.go:152 msg="Device Service in Core MetaData: device-protocol"
level=DEBUG ts=2019-11-05T07:42:20.88090683Z app=device-protocol source=profiles.go:39 msg="created absolute path for loading pre-defined Device Profiles: /home/wang/go/src/github.com/edgexfoundry/device-protocol/cmd/device-protocol/res"
level=DEBUG ts=2019-11-05T07:42:20.890346265Z app=device-protocol source=devices.go:22 msg="Loading pre-define Devices from configuration"
level=DEBUG ts=2019-11-05T07:42:20.893041819Z app=device-protocol source=devices.go:25 msg="Device Protocol-Device01 exists, using the existing one"
level=DEBUG ts=2019-11-05T07:42:20.894557685Z app=device-protocol source=restrouter.go:21 msg="init status rest controller"
level=DEBUG ts=2019-11-05T07:42:20.896158744Z app=device-protocol source=restrouter.go:24 msg="init command rest controller"
level=DEBUG ts=2019-11-05T07:42:20.89783817Z app=device-protocol source=restrouter.go:30 msg="init callback rest controller"
level=DEBUG ts=2019-11-05T07:42:20.900338961Z app=device-protocol source=restrouter.go:33 msg="init other rest controller"
level=DEBUG ts=2019-11-05T07:42:20.901521707Z app=device-protocol source=restrouter.go:37 msg="init the metrics and config rest controller each"
level=INFO ts=2019-11-05T07:42:20.902694394Z app=device-protocol source=service.go:120 msg="*Service Start() called, name=device-protocol, version=to be replaced by makefile"
level=INFO ts=2019-11-05T07:42:20.903865122Z app=device-protocol source=service.go:126 msg="Listening on port: 49991"
level=INFO ts=2019-11-05T07:42:20.905291232Z app=device-protocol source=service.go:127 msg="Service started in: 59.226874ms"
level=DEBUG ts=2019-11-05T07:42:20.906376429Z app=device-protocol source=service.go:129 msg="*Service Start() exit"
level=TRACE ts=2019-11-05T07:42:29.929243774Z app=device-protocol source=middleware.go:46 correlation-id=9fa25c56-6590-4bf4-b385-a25fdee8bfb3 path=/api/v1/device/2dec0bed-ac3f-4c5a-8f3e-e1e1f3ccc5e9/PlcInt msg="Begin request"
level=DEBUG ts=2019-11-05T07:42:29.931459171Z app=device-protocol source=command.go:89 msg="Handler - execReadCmd: deviceResource: PlcInt"
level=DEBUG ts=2019-11-05T07:42:29.933461334Z app=device-protocol source=protocoldriver.go:43 msg="ProtocolDriver.HandleReadCommands: protocols: map[other:map[Address:Protocol01 Port:300]] resource: PlcInt attributes: map[addr:N7:101]"
level=DEBUG ts=2019-11-05T07:42:29.937307564Z app=device-protocol source=protocoldriver.go:49 msg="SimpleDriver.HandleReadCommands: N7:101"
level=DEBUG ts=2019-11-05T07:42:29.94190504Z app=device-protocol source=command.go:159 msg="Handler - execReadCmd: device: Protocol-Device01 DeviceResource: PlcInt reading: {\"origin\":1572939749937,\"device\":\"Protocol-Device01\",\"name\":\"PlcInt\",\"value\":\"0\"}"
level=TRACE ts=2019-11-05T07:42:29.944193126Z app=device-protocol source=middleware.go:37 correlation-id=9fa25c56-6590-4bf4-b385-a25fdee8bfb3 duration=14.947418ms msg="Response complete"
level=DEBUG ts=2019-11-05T07:42:29.944434234Z app=device-protocol source=utils.go:67 correlation-id=12ee88c1-272e-47d8-8957-7e631eee6ab9 msg="SendEvent: EventClient.MarshalEvent encoded event"
level=INFO ts=2019-11-05T07:42:29.985808311Z app=device-protocol source=utils.go:77 Content-Type=application/json correlation-id=12ee88c1-272e-47d8-8957-7e631eee6ab9 msg="SendEvent: Pushed event to core data"
level=TRACE ts=2019-11-05T07:42:30.021216766Z app=device-protocol source=utils.go:78 Content-Type=application/json correlation-id=12ee88c1-272e-47d8-8957-7e631eee6ab9 event="{\"device\":\"Protocol-Device01\",\"origin\":1572939749943,\"readings\":[{\"origin\":1572939749937,\"device\":\"Protocol-Device01\",\"name\":\"PlcInt\",\"value\":\"0\"}]}" msg="SendEvent: Pushed this event to core data"
level=DEBUG ts=2019-11-05T07:42:30.903182294Z app=device-protocol source=executor.go:42 msg="AutoEvent - executing {\"frequency\":\"10s\",\"resource\":\"PlcInt\"}"
level=DEBUG ts=2019-11-05T07:42:30.906189063Z app=device-protocol source=command.go:89 msg="Handler - execReadCmd: deviceResource: PlcInt"
level=DEBUG ts=2019-11-05T07:42:30.908939318Z app=device-protocol source=protocoldriver.go:43 msg="ProtocolDriver.HandleReadCommands: protocols: map[other:map[Address:Protocol01 Port:300]] resource: PlcInt attributes: map[addr:N7:101]"
level=DEBUG ts=2019-11-05T07:42:30.911491889Z app=device-protocol source=protocoldriver.go:49 msg="SimpleDriver.HandleReadCommands: N7:101"
level=DEBUG ts=2019-11-05T07:42:30.914672799Z app=device-protocol source=command.go:159 msg="Handler - execReadCmd: device: Protocol-Device01 DeviceResource: PlcInt reading: {\"origin\":1572939750911,\"device\":\"Protocol-Device01\",\"name\":\"PlcInt\",\"value\":\"0\"}"
level=DEBUG ts=2019-11-05T07:42:30.9174392Z app=device-protocol source=executor.go:58 msg="AutoEvent - pushing event {\"device\":\"Protocol-Device01\",\"origin\":1572939750917,\"readings\":[{\"origin\":1572939750911,\"device\":\"Protocol-Device01\",\"name\":\"PlcInt\",\"value\":\"0\"}]}"
level=DEBUG ts=2019-11-05T07:42:30.920276778Z app=device-protocol source=utils.go:67 correlation-id=7200c7a1-24ce-424b-a67d-c85f12df4d0b msg="SendEvent: EventClient.MarshalEvent encoded event"
level=INFO ts=2019-11-05T07:42:30.938608678Z app=device-protocol source=utils.go:77 Content-Type=application/json correlation-id=7200c7a1-24ce-424b-a67d-c85f12df4d0b msg="SendEvent: Pushed event to core data"
level=TRACE ts=2019-11-05T07:42:30.94322371Z app=device-protocol source=utils.go:78 Content-Type=application/json correlation-id=7200c7a1-24ce-424b-a67d-c85f12df4d0b event="{\"device\":\"Protocol-Device01\",\"origin\":1572939750917,\"readings\":[{\"origin\":1572939750911,\"device\":\"Protocol-Device01\",\"name\":\"PlcInt\",\"value\":\"0\"}]}" msg="SendEvent: Pushed this event to core data"
level=TRACE ts=2019-11-05T07:42:30.962868451Z app=device-protocol source=middleware.go:46 correlation-id=b90611b3-3c17-4dd1-9780-7338a9def42f path=/api/v1/device/2dec0bed-ac3f-4c5a-8f3e-e1e1f3ccc5e9/PlcInt msg="Begin request"
level=DEBUG ts=2019-11-05T07:42:30.964048237Z app=device-protocol source=command.go:89 msg="Handler - execReadCmd: deviceResource: PlcInt"
level=DEBUG ts=2019-11-05T07:42:30.965239376Z app=device-protocol source=protocoldriver.go:43 msg="ProtocolDriver.HandleReadCommands: protocols: map[other:map[Port:300 Address:Protocol01]] resource: PlcInt attributes: map[addr:N7:101]"
level=DEBUG ts=2019-11-05T07:42:30.966406087Z app=device-protocol source=protocoldriver.go:49 msg="SimpleDriver.HandleReadCommands: N7:101"
level=DEBUG ts=2019-11-05T07:42:30.967599326Z app=device-protocol source=command.go:159 msg="Handler - execReadCmd: device: Protocol-Device01 DeviceResource: PlcInt reading: {\"origin\":1572939750966,\"device\":\"Protocol-Device01\",\"name\":\"PlcInt\",\"value\":\"0\"}"
level=TRACE ts=2019-11-05T07:42:30.969986039Z app=device-protocol source=middleware.go:37 correlation-id=b90611b3-3c17-4dd1-9780-7338a9def42f duration=7.108208ms msg="Response complete"
level=DEBUG ts=2019-11-05T07:42:30.970446044Z app=device-protocol source=utils.go:67 correlation-id=36ac73d3-d1ae-4a67-ad55-722e80d20539 msg="SendEvent: EventClient.MarshalEvent encoded event"
level=INFO ts=2019-11-05T07:42:30.99148155Z app=device-protocol source=utils.go:77 Content-Type=application/json correlation-id=36ac73d3-d1ae-4a67-ad55-722e80d20539 msg="SendEvent: Pushed event to core data"
level=TRACE ts=2019-11-05T07:42:30.994117528Z app=device-protocol source=utils.go:78 Content-Type=application/json correlation-id=36ac73d3-d1ae-4a67-ad55-722e80d20539 event="{\"device\":\"Protocol-Device01\",\"origin\":1572939750969,\"readings\":[{\"origin\":1572939750966,\"device\":\"Protocol-Device01\",\"name\":\"PlcInt\",\"value\":\"0\"}]}" msg="SendEvent: Pushed this event to core data"
level=TRACE ts=2019-11-05T07:42:31.656185563Z app=device-protocol source=middleware.go:46 correlation-id=89a00c48-0a6e-4c81-a9fe-fa437a7dfcae path=/api/v1/device/2dec0bed-ac3f-4c5a-8f3e-e1e1f3ccc5e9/PlcInt msg="Begin request"
level=DEBUG ts=2019-11-05T07:42:31.660048241Z app=device-protocol source=command.go:89 msg="Handler - execReadCmd: deviceResource: PlcInt"
level=DEBUG ts=2019-11-05T07:42:31.663335911Z app=device-protocol source=protocoldriver.go:43 msg="ProtocolDriver.HandleReadCommands: protocols: map[other:map[Port:300 Address:Protocol01]] resource: PlcInt attributes: map[addr:N7:101]"
level=DEBUG ts=2019-11-05T07:42:31.66712991Z app=device-protocol source=protocoldriver.go:49 msg="SimpleDriver.HandleReadCommands: N7:101"
level=DEBUG ts=2019-11-05T07:42:31.670146241Z app=device-protocol source=command.go:159 msg="Handler - execReadCmd: device: Protocol-Device01 DeviceResource: PlcInt reading: {\"origin\":1572939751667,\"device\":\"Protocol-Device01\",\"name\":\"PlcInt\",\"value\":\"0\"}"
level=TRACE ts=2019-11-05T07:42:31.672471441Z app=device-protocol source=middleware.go:37 correlation-id=89a00c48-0a6e-4c81-a9fe-fa437a7dfcae duration=16.290676ms msg="Response complete"
level=DEBUG ts=2019-11-05T07:42:31.672916497Z app=device-protocol source=utils.go:67 correlation-id=cd600e4f-f959-4821-8f70-8ba6fcd02307 msg="SendEvent: EventClient.MarshalEvent encoded event"
level=INFO ts=2019-11-05T07:42:31.69207056Z app=device-protocol source=utils.go:77 Content-Type=application/json correlation-id=cd600e4f-f959-4821-8f70-8ba6fcd02307 msg="SendEvent: Pushed event to core data"
level=TRACE ts=2019-11-05T07:42:31.694131667Z app=device-protocol source=utils.go:78 Content-Type=application/json correlation-id=cd600e4f-f959-4821-8f70-8ba6fcd02307 event="{\"device\":\"Protocol-Device01\",\"origin\":1572939751672,\"readings\":[{\"origin\":1572939751667,\"device\":\"Protocol-Device01\",\"name\":\"PlcInt\",\"value\":\"0\"}]}" msg="SendEvent: Pushed this event to core data"
level=TRACE ts=2019-11-05T07:42:38.771246896Z app=device-protocol source=middleware.go:46 correlation-id=f15eff0a-706c-448b-bd04-90a16f2a8f6b path=/api/v1/device/2dec0bed-ac3f-4c5a-8f3e-e1e1f3ccc5e9/PlcInt msg="Begin request"
level=DEBUG ts=2019-11-05T07:42:38.77293696Z app=device-protocol source=command.go:245 msg="Handler - execWriteDeviceResource: putting deviceResource: PlcInt"
level=DEBUG ts=2019-11-05T07:42:38.774509994Z app=device-protocol source=protocoldriver.go:73 msg="ProtocolDriver.HandleWriteCommands: protocols: map[other:map[Address:Protocol01 Port:300]], resource: PlcInt, parameters: [Origin: 1572939758772, Int32: 1000]"
level=DEBUG ts=2019-11-05T07:42:38.776077749Z app=device-protocol source=protocoldriver.go:82 msg="SimpleDriver.HandleWriteCommands: N7:101=1000, Attributes: N7:101"
level=TRACE ts=2019-11-05T07:42:38.777552268Z app=device-protocol source=middleware.go:37 correlation-id=f15eff0a-706c-448b-bd04-90a16f2a8f6b duration=6.32026ms msg="Response complete"
level=DEBUG ts=2019-11-05T07:42:40.920625459Z app=device-protocol source=executor.go:42 msg="AutoEvent - executing {\"frequency\":\"10s\",\"resource\":\"PlcInt\"}"
level=DEBUG ts=2019-11-05T07:42:40.924113145Z app=device-protocol source=command.go:89 msg="Handler - execReadCmd: deviceResource: PlcInt"
level=DEBUG ts=2019-11-05T07:42:40.926489807Z app=device-protocol source=protocoldriver.go:43 msg="ProtocolDriver.HandleReadCommands: protocols: map[other:map[Address:Protocol01 Port:300]] resource: PlcInt attributes: map[addr:N7:101]"
level=DEBUG ts=2019-11-05T07:42:40.929080476Z app=device-protocol source=protocoldriver.go:49 msg="SimpleDriver.HandleReadCommands: N7:101"
level=DEBUG ts=2019-11-05T07:42:40.932396341Z app=device-protocol source=command.go:159 msg="Handler - execReadCmd: device: Protocol-Device01 DeviceResource: PlcInt reading: {\"origin\":1572939760929,\"device\":\"Protocol-Device01\",\"name\":\"PlcInt\",\"value\":\"1000\"}"
level=DEBUG ts=2019-11-05T07:42:40.93654934Z app=device-protocol source=executor.go:58 msg="AutoEvent - pushing event {\"device\":\"Protocol-Device01\",\"origin\":1572939760936,\"readings\":[{\"origin\":1572939760929,\"device\":\"Protocol-Device01\",\"name\":\"PlcInt\",\"value\":\"1000\"}]}"
level=DEBUG ts=2019-11-05T07:42:40.939208294Z app=device-protocol source=utils.go:67 correlation-id=c1a7529e-9557-4b5a-828d-43531f16753c msg="SendEvent: EventClient.MarshalEvent encoded event"
level=INFO ts=2019-11-05T07:42:40.953468785Z app=device-protocol source=utils.go:77 Content-Type=application/json correlation-id=c1a7529e-9557-4b5a-828d-43531f16753c msg="SendEvent: Pushed event to core data"
level=TRACE ts=2019-11-05T07:42:40.956230903Z app=device-protocol source=utils.go:78 Content-Type=application/json correlation-id=c1a7529e-9557-4b5a-828d-43531f16753c event="{\"device\":\"Protocol-Device01\",\"origin\":1572939760936,\"readings\":[{\"origin\":1572939760929,\"device\":\"Protocol-Device01\",\"name\":\"PlcInt\",\"value\":\"1000\"}]}" msg="SendEvent: Pushed this event to core data"
level=DEBUG ts=2019-11-05T07:42:50.939943515Z app=device-protocol source=executor.go:42 msg="AutoEvent - executing {\"frequency\":\"10s\",\"resource\":\"PlcInt\"}"
level=DEBUG ts=2019-11-05T07:42:50.942963591Z app=device-protocol source=command.go:89 msg="Handler - execReadCmd: deviceResource: PlcInt"
level=DEBUG ts=2019-11-05T07:42:50.945859943Z app=device-protocol source=protocoldriver.go:43 msg="ProtocolDriver.HandleReadCommands: protocols: map[other:map[Address:Protocol01 Port:300]] resource: PlcInt attributes: map[addr:N7:101]"
level=DEBUG ts=2019-11-05T07:42:50.948794292Z app=device-protocol source=protocoldriver.go:49 msg="SimpleDriver.HandleReadCommands: N7:101"
level=DEBUG ts=2019-11-05T07:42:50.953230567Z app=device-protocol source=command.go:159 msg="Handler - execReadCmd: device: Protocol-Device01 DeviceResource: PlcInt reading: {\"origin\":1572939770948,\"device\":\"Protocol-Device01\",\"name\":\"PlcInt\",\"value\":\"1000\"}"
level=DEBUG ts=2019-11-05T07:42:50.956175029Z app=device-protocol source=executor.go:58 msg="AutoEvent - pushing event {\"device\":\"Protocol-Device01\",\"origin\":1572939770956,\"readings\":[{\"origin\":1572939770948,\"device\":\"Protocol-Device01\",\"name\":\"PlcInt\",\"value\":\"1000\"}]}"
level=DEBUG ts=2019-11-05T07:42:50.960197173Z app=device-protocol source=utils.go:67 correlation-id=368a848b-e1e1-4660-82c4-33787b83d575 msg="SendEvent: EventClient.MarshalEvent encoded event"
level=INFO ts=2019-11-05T07:42:50.982304174Z app=device-protocol source=utils.go:77 Content-Type=application/json correlation-id=368a848b-e1e1-4660-82c4-33787b83d575 msg="SendEvent: Pushed event to core data"
level=TRACE ts=2019-11-05T07:42:50.985006734Z app=device-protocol source=utils.go:78 Content-Type=application/json correlation-id=368a848b-e1e1-4660-82c4-33787b83d575 event="{\"device\":\"Protocol-Device01\",\"origin\":1572939770956,\"readings\":[{\"origin\":1572939770948,\"device\":\"Protocol-Device01\",\"name\":\"PlcInt\",\"value\":\"1000\"}]}" msg="SendEvent: Pushed this event to core data"
level=TRACE ts=2019-11-05T07:42:58.207114082Z app=device-protocol source=middleware.go:46 correlation-id=f0c9549d-b741-4e72-9518-54e4f3af2e76 path=/api/v1/device/2dec0bed-ac3f-4c5a-8f3e-e1e1f3ccc5e9/PlcInt msg="Begin request"
level=ERROR ts=2019-11-05T07:42:58.21037955Z app=device-protocol source=command.go:371 msg="parsing Write parameters failed {\"PlcInt\": 10}, json: cannot unmarshal number into Go value of type string"
level=ERROR ts=2019-11-05T07:42:58.211390132Z app=device-protocol source=command.go:232 msg="Handler - execWriteDeviceResource: Put parameters parsing failed: {\"PlcInt\": 10}"
level=TRACE ts=2019-11-05T07:42:58.212363914Z app=device-protocol source=middleware.go:37 correlation-id=f0c9549d-b741-4e72-9518-54e4f3af2e76 duration=5.2507ms msg="Response complete"
level=DEBUG ts=2019-11-05T07:43:00.960462955Z app=device-protocol source=executor.go:42 msg="AutoEvent - executing {\"frequency\":\"10s\",\"resource\":\"PlcInt\"}"
level=DEBUG ts=2019-11-05T07:43:00.965048705Z app=device-protocol source=command.go:89 msg="Handler - execReadCmd: deviceResource: PlcInt"
level=DEBUG ts=2019-11-05T07:43:00.968373521Z app=device-protocol source=protocoldriver.go:43 msg="ProtocolDriver.HandleReadCommands: protocols: map[other:map[Address:Protocol01 Port:300]] resource: PlcInt attributes: map[addr:N7:101]"
level=DEBUG ts=2019-11-05T07:43:00.972042468Z app=device-protocol source=protocoldriver.go:49 msg="SimpleDriver.HandleReadCommands: N7:101"
level=DEBUG ts=2019-11-05T07:43:00.97521744Z app=device-protocol source=command.go:159 msg="Handler - execReadCmd: device: Protocol-Device01 DeviceResource: PlcInt reading: {\"origin\":1572939780972,\"device\":\"Protocol-Device01\",\"name\":\"PlcInt\",\"value\":\"1000\"}"
level=DEBUG ts=2019-11-05T07:43:00.979630407Z app=device-protocol source=executor.go:58 msg="AutoEvent - pushing event {\"device\":\"Protocol-Device01\",\"origin\":1572939780979,\"readings\":[{\"origin\":1572939780972,\"device\":\"Protocol-Device01\",\"name\":\"PlcInt\",\"value\":\"1000\"}]}"
level=DEBUG ts=2019-11-05T07:43:00.982700663Z app=device-protocol source=utils.go:67 correlation-id=aac526de-0e38-4237-a678-a69ac9587591 msg="SendEvent: EventClient.MarshalEvent encoded event"
level=INFO ts=2019-11-05T07:43:01.007970345Z app=device-protocol source=utils.go:77 Content-Type=application/json correlation-id=aac526de-0e38-4237-a678-a69ac9587591 msg="SendEvent: Pushed event to core data"
level=TRACE ts=2019-11-05T07:43:01.009992924Z app=device-protocol source=utils.go:78 Content-Type=application/json correlation-id=aac526de-0e38-4237-a678-a69ac9587591 event="{\"device\":\"Protocol-Device01\",\"origin\":1572939780979,\"readings\":[{\"origin\":1572939780972,\"device\":\"Protocol-Device01\",\"name\":\"PlcInt\",\"value\":\"1000\"}]}" msg="SendEvent: Pushed this event to core data"
level=DEBUG ts=2019-11-05T07:43:05.017933065Z app=device-protocol source=protocoldriver.go:93 msg="ProtocolDriver.Stop called: force=false"
